<?xml version="1.0" encoding="UTF-8"?>
<!-- Generated by org.testng.reporters.JUnitReportReporter -->
<testsuite name="TestApp.SausceDemoTest" tests="4" time="1.404" ignored="0" failures="0" timestamp="08 Feb 2022 13:06:05 GMT" skipped="0" hostname="DESKTOP-9LUHGAV" errors="0">
  <testcase name="SaucedemoLogin1" time="0.329" classname="TestApp.SausceDemoTest"/>
  <testcase name="SaucedemoLogin1" time="0.347" classname="TestApp.SausceDemoTest"/>
  <testcase name="SaucedemoLogin1" time="0.350" classname="TestApp.SausceDemoTest"/>
  <testcase name="SaucedemoLogin1" time="0.378" classname="TestApp.SausceDemoTest"/>
</testsuite> <!-- TestApp.SausceDemoTest -->
