<?xml version="1.0" encoding="UTF-8"?>
<!-- Generated by org.testng.reporters.JUnitReportReporter -->
<testsuite name="TestApp.YahooLogin" tests="1" time="0.802" ignored="0" failures="0" timestamp="09 Feb 2022 04:28:43 GMT" skipped="0" hostname="DESKTOP-9LUHGAV" errors="0">
  <testcase name="YahooSingUp" time="0.802" classname="TestApp.YahooLogin"/>
</testsuite> <!-- TestApp.YahooLogin -->
