<?xml version="1.0" encoding="UTF-8"?>
<!-- Generated by org.testng.reporters.JUnitReportReporter -->
<testsuite name="dataDriven1.YahooSingUpData" tests="1" time="0.799" ignored="0" failures="0" timestamp="08 Feb 2022 13:07:09 GMT" skipped="0" hostname="DESKTOP-9LUHGAV" errors="0">
  <testcase name="YahooSingUp" time="0.799" classname="dataDriven1.YahooSingUpData"/>
</testsuite> <!-- dataDriven1.YahooSingUpData -->
