<?xml version="1.0" encoding="UTF-8"?>
<!-- Generated by org.testng.reporters.JUnitReportReporter -->
<testsuite name="TestApp.browserTest" tests="3" time="0.016" ignored="0" failures="0" timestamp="09 Feb 2022 01:41:23 GMT" skipped="0" hostname="DESKTOP-9LUHGAV" errors="0">
  <testcase name="browserTest" time="0.000" classname="TestApp.browserTest"/>
  <testcase name="browserTest" time="0.016" classname="TestApp.browserTest"/>
  <testcase name="browserTest" time="0.000" classname="TestApp.browserTest"/>
</testsuite> <!-- TestApp.browserTest -->
