<?xml version="1.0" encoding="UTF-8"?>
<!-- Generated by org.testng.reporters.JUnitReportReporter -->
<testsuite name="yahooLoginHW.yahooScript" tests="1" time="0.686" ignored="0" failures="0" timestamp="09 Feb 2022 04:31:15 GMT" skipped="0" hostname="DESKTOP-9LUHGAV" errors="0">
  <testcase name="YahooSingUP" time="0.686" classname="yahooLoginHW.yahooScript"/>
</testsuite> <!-- yahooLoginHW.yahooScript -->
